<?xml version="1.0" encoding="UTF-8"?>
<!-- Generated by org.testng.reporters.JUnitReportReporter -->
<testsuite hostname="LAPTOP-SK17QQB5" failures="0" tests="1" name="PlayListRunner.PlayListAPI_Test" time="3.148" errors="0" timestamp="2023-07-23T09:53:45 IST" skipped="0">
  <testcase classname="PlayListRunner.PlayListAPI_Test" name="runScenario" time="3.148"/>
  <system-out/>
</testsuite> <!-- PlayListRunner.PlayListAPI_Test -->
